d:\users\connor\documents\classes\graduate classes\embedded systems (mooc)\connorware\c5\c5\debug\vc142.pdb
d:\users\connor\documents\classes\graduate classes\embedded systems (mooc)\connorware\c5\c5\debug\vc142.idb
d:\users\connor\documents\classes\graduate classes\embedded systems (mooc)\connorware\c5\c5\debug\main_5_4.obj
d:\users\connor\documents\classes\graduate classes\embedded systems (mooc)\connorware\c5\c5\debug\main.obj
d:\users\connor\documents\classes\graduate classes\embedded systems (mooc)\connorware\c5\debug\c5.pdb
d:\users\connor\documents\classes\graduate classes\embedded systems (mooc)\connorware\c5\c5\debug\c5.tlog\cl.command.1.tlog
d:\users\connor\documents\classes\graduate classes\embedded systems (mooc)\connorware\c5\c5\debug\c5.tlog\cl.read.1.tlog
d:\users\connor\documents\classes\graduate classes\embedded systems (mooc)\connorware\c5\c5\debug\c5.tlog\cl.write.1.tlog
d:\users\connor\documents\classes\graduate classes\embedded systems (mooc)\connorware\c5\c5\debug\c5.tlog\link-cvtres.read.1.tlog
d:\users\connor\documents\classes\graduate classes\embedded systems (mooc)\connorware\c5\c5\debug\c5.tlog\link-cvtres.write.1.tlog
d:\users\connor\documents\classes\graduate classes\embedded systems (mooc)\connorware\c5\c5\debug\c5.tlog\link-rc.read.1.tlog
d:\users\connor\documents\classes\graduate classes\embedded systems (mooc)\connorware\c5\c5\debug\c5.tlog\link-rc.write.1.tlog
d:\users\connor\documents\classes\graduate classes\embedded systems (mooc)\connorware\c5\c5\debug\c5.tlog\link.21144-cvtres.read.1.tlog
d:\users\connor\documents\classes\graduate classes\embedded systems (mooc)\connorware\c5\c5\debug\c5.tlog\link.21144-cvtres.write.1.tlog
d:\users\connor\documents\classes\graduate classes\embedded systems (mooc)\connorware\c5\c5\debug\c5.tlog\link.21144-rc.read.1.tlog
d:\users\connor\documents\classes\graduate classes\embedded systems (mooc)\connorware\c5\c5\debug\c5.tlog\link.21144-rc.write.1.tlog
d:\users\connor\documents\classes\graduate classes\embedded systems (mooc)\connorware\c5\c5\debug\c5.tlog\link.21144.read.1.tlog
d:\users\connor\documents\classes\graduate classes\embedded systems (mooc)\connorware\c5\c5\debug\c5.tlog\link.21144.write.1.tlog
d:\users\connor\documents\classes\graduate classes\embedded systems (mooc)\connorware\c5\c5\debug\c5.tlog\link.command.1.tlog
d:\users\connor\documents\classes\graduate classes\embedded systems (mooc)\connorware\c5\c5\debug\c5.tlog\link.read.1.tlog
d:\users\connor\documents\classes\graduate classes\embedded systems (mooc)\connorware\c5\c5\debug\c5.tlog\link.write.1.tlog
